manifest-merger-blame-debug-report.txt
1<?xml version="1.0" encoding="utf-8"?>
2<manifest xmlns:android="http://schemas.android.com/apk/res/android"
3    package="com.example.libraryapp"
4    android:versionCode="1"
5    android:versionName="1.0" >
6
7    <uses-sdk
8        android:minSdkVersion="24"
9        android:targetSdkVersion="34" />
10
11    <uses-permission android:name="android.permission.INTERNET" />
11-->src\main\AndroidManifest.xml:5:5-67
11-->src\main\AndroidManifest.xml:5:22-64
12    <uses-permission android:name="android.permission.ACCESS_NETWORK_STATE" />
12-->[com.google.firebase:firebase-auth:22.1.2] AndroidManifest.xml:26:5-79
12-->[com.google.firebase:firebase-auth:22.1.2] AndroidManifest.xml:26:22-76
13    <uses-permission android:name="android.permission.USE_BIOMETRIC" /> <!-- suppress DeprecatedClassUsageInspection -->
13-->[androidx.biometric:biometric:1.1.0] AndroidManifest.xml:24:5-72
13-->[androidx.biometric:biometric:1.1.0] AndroidManifest.xml:24:22-69
14    <uses-permission android:name="android.permission.USE_FINGERPRINT" />
14-->[androidx.biometric:biometric:1.1.0] AndroidManifest.xml:27:5-74
14-->[androidx.biometric:biometric:1.1.0] AndroidManifest.xml:27:22-71
15
16    <permission
16-->[androidx.core:core:1.15.0] AndroidManifest.xml:22:5-24:47
17        android:name="com.example.libraryapp.DYNAMIC_RECEIVER_NOT_EXPORTED_PERMISSION"
17-->[androidx.core:core:1.15.0] AndroidManifest.xml:23:9-81
18        android:protectionLevel="signature" />
18-->[androidx.core:core:1.15.0] AndroidManifest.xml:24:9-44
19
20    <uses-permission android:name="com.example.libraryapp.DYNAMIC_RECEIVER_NOT_EXPORTED_PERMISSION" />
20-->[androidx.core:core:1.15.0] AndroidManifest.xml:26:5-97
20-->[androidx.core:core:1.15.0] AndroidManifest.xml:26:22-94
21
22    <application
22-->src\main\AndroidManifest.xml:7:5-57:19
23        android:allowBackup="true"
23-->src\main\AndroidManifest.xml:8:9-35
24        android:appComponentFactory="androidx.core.app.CoreComponentFactory"
24-->[androidx.core:core:1.15.0] AndroidManifest.xml:28:18-86
25        android:dataExtractionRules="@xml/data_extraction_rules"
25-->src\main\AndroidManifest.xml:9:9-65
26        android:debuggable="true"
27        android:extractNativeLibs="false"
28        android:fullBackupContent="@xml/backup_rules"
28-->src\main\AndroidManifest.xml:10:9-54
29        android:icon="@mipmap/ic_launcher"
29-->src\main\AndroidManifest.xml:11:9-43
30        android:label="@string/app_name"
30-->src\main\AndroidManifest.xml:12:9-41
31        android:roundIcon="@mipmap/ic_launcher_round"
31-->src\main\AndroidManifest.xml:13:9-54
32        android:supportsRtl="true"
32-->src\main\AndroidManifest.xml:14:9-35
33        android:testOnly="true"
34        android:theme="@style/Theme.LibraryApp" >
34-->src\main\AndroidManifest.xml:15:9-48
35        <activity
35-->src\main\AndroidManifest.xml:17:9-19:40
36            android:name="com.example.libraryapp.AdminViewFeedbackActivity"
36-->src\main\AndroidManifest.xml:18:13-54
37            android:exported="false" />
37-->src\main\AndroidManifest.xml:19:13-37
38        <activity
38-->src\main\AndroidManifest.xml:20:9-22:40
39            android:name="com.example.libraryapp.FeedbackActivity"
39-->src\main\AndroidManifest.xml:21:13-45
40            android:exported="false" />
40-->src\main\AndroidManifest.xml:22:13-37
41        <activity
41-->src\main\AndroidManifest.xml:23:9-25:40
42            android:name="com.example.libraryapp.SearchBooksActivity"
42-->src\main\AndroidManifest.xml:24:13-48
43            android:exported="false" />
43-->src\main\AndroidManifest.xml:25:13-37
44        <activity
44-->src\main\AndroidManifest.xml:26:9-28:40
45            android:name="com.example.libraryapp.MyBorrowedBooksActivity"
45-->src\main\AndroidManifest.xml:27:13-52
46            android:exported="false" />
46-->src\main\AndroidManifest.xml:28:13-37
47        <activity
47-->src\main\AndroidManifest.xml:29:9-31:40
48            android:name="com.example.libraryapp.IssueBookActivity"
48-->src\main\AndroidManifest.xml:30:13-46
49            android:exported="false" />
49-->src\main\AndroidManifest.xml:31:13-37
50        <activity
50-->src\main\AndroidManifest.xml:32:9-34:39
51            android:name="com.example.libraryapp.LoginActivity"
51-->src\main\AndroidManifest.xml:33:13-42
52            android:exported="true" />
52-->src\main\AndroidManifest.xml:34:13-36
53        <activity
53-->src\main\AndroidManifest.xml:35:9-37:40
54            android:name="com.example.libraryapp.AdminDashboardActivity"
54-->src\main\AndroidManifest.xml:36:13-51
55            android:exported="false" />
55-->src\main\AndroidManifest.xml:37:13-37
56        <activity
56-->src\main\AndroidManifest.xml:38:9-40:40
57            android:name="com.example.libraryapp.StudentDashboardActivity"
57-->src\main\AndroidManifest.xml:39:13-53
58            android:exported="false" />
58-->src\main\AndroidManifest.xml:40:13-37
59        <activity
59-->src\main\AndroidManifest.xml:41:9-43:40
60            android:name="com.example.libraryapp.ViewBooksActivity"
60-->src\main\AndroidManifest.xml:42:13-46
61            android:exported="false" />
61-->src\main\AndroidManifest.xml:43:13-37
62        <activity
62-->src\main\AndroidManifest.xml:44:9-46:40
63            android:name="com.example.libraryapp.AddBookActivity"
63-->src\main\AndroidManifest.xml:45:13-44
64            android:exported="false" />
64-->src\main\AndroidManifest.xml:46:13-37
65        <activity
65-->src\main\AndroidManifest.xml:47:9-55:20
66            android:name="com.example.libraryapp.SplashActivity"
66-->src\main\AndroidManifest.xml:48:13-43
67            android:exported="true" >
67-->src\main\AndroidManifest.xml:49:13-36
68            <intent-filter>
68-->src\main\AndroidManifest.xml:50:13-54:29
69                <action android:name="android.intent.action.MAIN" />
69-->src\main\AndroidManifest.xml:51:17-69
69-->src\main\AndroidManifest.xml:51:25-66
70
71                <category android:name="android.intent.category.LAUNCHER" />
71-->src\main\AndroidManifest.xml:53:17-77
71-->src\main\AndroidManifest.xml:53:27-74
72            </intent-filter>
73        </activity>
74        <activity android:name="com.example.libraryapp.HomeActivity" />
74-->src\main\AndroidManifest.xml:56:9-50
74-->src\main\AndroidManifest.xml:56:19-47
75        <activity
75-->[com.google.firebase:firebase-auth:22.1.2] AndroidManifest.xml:29:9-46:20
76            android:name="com.google.firebase.auth.internal.GenericIdpActivity"
76-->[com.google.firebase:firebase-auth:22.1.2] AndroidManifest.xml:30:13-80
77            android:excludeFromRecents="true"
77-->[com.google.firebase:firebase-auth:22.1.2] AndroidManifest.xml:31:13-46
78            android:exported="true"
78-->[com.google.firebase:firebase-auth:22.1.2] AndroidManifest.xml:32:13-36
79            android:launchMode="singleTask"
79-->[com.google.firebase:firebase-auth:22.1.2] AndroidManifest.xml:33:13-44
80            android:theme="@android:style/Theme.Translucent.NoTitleBar" >
80-->[com.google.firebase:firebase-auth:22.1.2] AndroidManifest.xml:34:13-72
81            <intent-filter>
81-->[com.google.firebase:firebase-auth:22.1.2] AndroidManifest.xml:35:13-45:29
82                <action android:name="android.intent.action.VIEW" />
82-->[com.google.firebase:firebase-auth:22.1.2] AndroidManifest.xml:36:17-69
82-->[com.google.firebase:firebase-auth:22.1.2] AndroidManifest.xml:36:25-66
83
84                <category android:name="android.intent.category.DEFAULT" />
84-->[com.google.firebase:firebase-auth:22.1.2] AndroidManifest.xml:38:17-76
84-->[com.google.firebase:firebase-auth:22.1.2] AndroidManifest.xml:38:27-73
85                <category android:name="android.intent.category.BROWSABLE" />
85-->[com.google.firebase:firebase-auth:22.1.2] AndroidManifest.xml:39:17-78
85-->[com.google.firebase:firebase-auth:22.1.2] AndroidManifest.xml:39:27-75
86
87                <data
87-->[com.google.firebase:firebase-auth:22.1.2] AndroidManifest.xml:41:17-44:51
88                    android:host="firebase.auth"
88-->[com.google.firebase:firebase-auth:22.1.2] AndroidManifest.xml:42:21-49
89                    android:path="/"
89-->[com.google.firebase:firebase-auth:22.1.2] AndroidManifest.xml:43:21-37
90                    android:scheme="genericidp" />
90-->[com.google.firebase:firebase-auth:22.1.2] AndroidManifest.xml:44:21-48
91            </intent-filter>
92        </activity>
93        <activity
93-->[com.google.firebase:firebase-auth:22.1.2] AndroidManifest.xml:47:9-64:20
94            android:name="com.google.firebase.auth.internal.RecaptchaActivity"
94-->[com.google.firebase:firebase-auth:22.1.2] AndroidManifest.xml:48:13-79
95            android:excludeFromRecents="true"
95-->[com.google.firebase:firebase-auth:22.1.2] AndroidManifest.xml:49:13-46
96            android:exported="true"
96-->[com.google.firebase:firebase-auth:22.1.2] AndroidManifest.xml:50:13-36
97            android:launchMode="singleTask"
97-->[com.google.firebase:firebase-auth:22.1.2] AndroidManifest.xml:51:13-44
98            android:theme="@android:style/Theme.Translucent.NoTitleBar" >
98-->[com.google.firebase:firebase-auth:22.1.2] AndroidManifest.xml:52:13-72
99            <intent-filter>
99-->[com.google.firebase:firebase-auth:22.1.2] AndroidManifest.xml:53:13-63:29
100                <action android:name="android.intent.action.VIEW" />
100-->[com.google.firebase:firebase-auth:22.1.2] AndroidManifest.xml:36:17-69
100-->[com.google.firebase:firebase-auth:22.1.2] AndroidManifest.xml:36:25-66
101
102                <category android:name="android.intent.category.DEFAULT" />
102-->[com.google.firebase:firebase-auth:22.1.2] AndroidManifest.xml:38:17-76
102-->[com.google.firebase:firebase-auth:22.1.2] AndroidManifest.xml:38:27-73
103                <category android:name="android.intent.category.BROWSABLE" />
103-->[com.google.firebase:firebase-auth:22.1.2] AndroidManifest.xml:39:17-78
103-->[com.google.firebase:firebase-auth:22.1.2] AndroidManifest.xml:39:27-75
104
105                <data
105-->[com.google.firebase:firebase-auth:22.1.2] AndroidManifest.xml:41:17-44:51
106                    android:host="firebase.auth"
106-->[com.google.firebase:firebase-auth:22.1.2] AndroidManifest.xml:42:21-49
107                    android:path="/"
107-->[com.google.firebase:firebase-auth:22.1.2] AndroidManifest.xml:43:21-37
108                    android:scheme="recaptcha" />
108-->[com.google.firebase:firebase-auth:22.1.2] AndroidManifest.xml:44:21-48
109            </intent-filter>
110        </activity>
111
112        <service
112-->[com.google.firebase:firebase-auth:22.1.2] AndroidManifest.xml:66:9-72:19
113            android:name="com.google.firebase.components.ComponentDiscoveryService"
113-->[com.google.firebase:firebase-auth:22.1.2] AndroidManifest.xml:67:13-84
114            android:directBootAware="true"
114-->[com.google.firebase:firebase-common:20.3.3] AndroidManifest.xml:34:13-43
115            android:exported="false" >
115-->[com.google.firebase:firebase-auth:22.1.2] AndroidManifest.xml:68:13-37
116            <meta-data
116-->[com.google.firebase:firebase-auth:22.1.2] AndroidManifest.xml:69:13-71:85
117                android:name="com.google.firebase.components:com.google.firebase.auth.FirebaseAuthRegistrar"
117-->[com.google.firebase:firebase-auth:22.1.2] AndroidManifest.xml:70:17-109
118                android:value="com.google.firebase.components.ComponentRegistrar" />
118-->[com.google.firebase:firebase-auth:22.1.2] AndroidManifest.xml:71:17-82
119            <meta-data
119-->[com.google.firebase:firebase-firestore:24.8.1] AndroidManifest.xml:17:13-19:85
120                android:name="com.google.firebase.components:com.google.firebase.firestore.FirestoreRegistrar"
120-->[com.google.firebase:firebase-firestore:24.8.1] AndroidManifest.xml:18:17-111
121                android:value="com.google.firebase.components.ComponentRegistrar" />
121-->[com.google.firebase:firebase-firestore:24.8.1] AndroidManifest.xml:19:17-82
122            <meta-data
122-->[com.google.firebase:firebase-database:20.2.2] AndroidManifest.xml:31:13-33:85
123                android:name="com.google.firebase.components:com.google.firebase.database.DatabaseRegistrar"
123-->[com.google.firebase:firebase-database:20.2.2] AndroidManifest.xml:32:17-109
124                android:value="com.google.firebase.components.ComponentRegistrar" />
124-->[com.google.firebase:firebase-database:20.2.2] AndroidManifest.xml:33:17-82
125        </service>
126        <service
126-->[androidx.credentials:credentials-play-services-auth:1.5.0] AndroidManifest.xml:24:9-32:19
127            android:name="androidx.credentials.playservices.CredentialProviderMetadataHolder"
127-->[androidx.credentials:credentials-play-services-auth:1.5.0] AndroidManifest.xml:25:13-94
128            android:enabled="true"
128-->[androidx.credentials:credentials-play-services-auth:1.5.0] AndroidManifest.xml:26:13-35
129            android:exported="false" >
129-->[androidx.credentials:credentials-play-services-auth:1.5.0] AndroidManifest.xml:27:13-37
130            <meta-data
130-->[androidx.credentials:credentials-play-services-auth:1.5.0] AndroidManifest.xml:29:13-31:104
131                android:name="androidx.credentials.CREDENTIAL_PROVIDER_KEY"
131-->[androidx.credentials:credentials-play-services-auth:1.5.0] AndroidManifest.xml:30:17-76
132                android:value="androidx.credentials.playservices.CredentialProviderPlayServicesImpl" />
132-->[androidx.credentials:credentials-play-services-auth:1.5.0] AndroidManifest.xml:31:17-101
133        </service>
134
135        <activity
135-->[androidx.credentials:credentials-play-services-auth:1.5.0] AndroidManifest.xml:34:9-41:20
136            android:name="androidx.credentials.playservices.HiddenActivity"
136-->[androidx.credentials:credentials-play-services-auth:1.5.0] AndroidManifest.xml:35:13-76
137            android:configChanges="orientation|screenSize|screenLayout|keyboardHidden"
137-->[androidx.credentials:credentials-play-services-auth:1.5.0] AndroidManifest.xml:36:13-87
138            android:enabled="true"
138-->[androidx.credentials:credentials-play-services-auth:1.5.0] AndroidManifest.xml:37:13-35
139            android:exported="false"
139-->[androidx.credentials:credentials-play-services-auth:1.5.0] AndroidManifest.xml:38:13-37
140            android:fitsSystemWindows="true"
140-->[androidx.credentials:credentials-play-services-auth:1.5.0] AndroidManifest.xml:39:13-45
141            android:theme="@style/Theme.Hidden" >
141-->[androidx.credentials:credentials-play-services-auth:1.5.0] AndroidManifest.xml:40:13-48
142        </activity>
143        <activity
143-->[androidx.credentials:credentials-play-services-auth:1.5.0] AndroidManifest.xml:42:9-49:20
144            android:name="androidx.credentials.playservices.IdentityCredentialApiHiddenActivity"
144-->[androidx.credentials:credentials-play-services-auth:1.5.0] AndroidManifest.xml:43:13-97
145            android:configChanges="orientation|screenSize|screenLayout|keyboardHidden"
145-->[androidx.credentials:credentials-play-services-auth:1.5.0] AndroidManifest.xml:44:13-87
146            android:enabled="true"
146-->[androidx.credentials:credentials-play-services-auth:1.5.0] AndroidManifest.xml:45:13-35
147            android:exported="false"
147-->[androidx.credentials:credentials-play-services-auth:1.5.0] AndroidManifest.xml:46:13-37
148            android:fitsSystemWindows="true"
148-->[androidx.credentials:credentials-play-services-auth:1.5.0] AndroidManifest.xml:47:13-45
149            android:theme="@style/Theme.Hidden" >
149-->[androidx.credentials:credentials-play-services-auth:1.5.0] AndroidManifest.xml:48:13-48
150        </activity>
151
152        <provider
152-->[com.squareup.picasso:picasso:2.71828] AndroidManifest.xml:8:9-11:40
153            android:name="com.squareup.picasso.PicassoProvider"
153-->[com.squareup.picasso:picasso:2.71828] AndroidManifest.xml:9:13-64
154            android:authorities="com.example.libraryapp.com.squareup.picasso"
154-->[com.squareup.picasso:picasso:2.71828] AndroidManifest.xml:10:13-72
155            android:exported="false" />
155-->[com.squareup.picasso:picasso:2.71828] AndroidManifest.xml:11:13-37
156        <provider
156-->[com.google.firebase:firebase-common:20.3.3] AndroidManifest.xml:25:9-30:39
157            android:name="com.google.firebase.provider.FirebaseInitProvider"
157-->[com.google.firebase:firebase-common:20.3.3] AndroidManifest.xml:26:13-77
158            android:authorities="com.example.libraryapp.firebaseinitprovider"
158-->[com.google.firebase:firebase-common:20.3.3] AndroidManifest.xml:27:13-72
159            android:directBootAware="true"
159-->[com.google.firebase:firebase-common:20.3.3] AndroidManifest.xml:28:13-43
160            android:exported="false"
160-->[com.google.firebase:firebase-common:20.3.3] AndroidManifest.xml:29:13-37
161            android:initOrder="100" />
161-->[com.google.firebase:firebase-common:20.3.3] AndroidManifest.xml:30:13-36
162
163        <activity
163-->[com.google.android.gms:play-services-auth:21.1.1] AndroidManifest.xml:23:9-27:75
164            android:name="com.google.android.gms.auth.api.signin.internal.SignInHubActivity"
164-->[com.google.android.gms:play-services-auth:21.1.1] AndroidManifest.xml:24:13-93
165            android:excludeFromRecents="true"
165-->[com.google.android.gms:play-services-auth:21.1.1] AndroidManifest.xml:25:13-46
166            android:exported="false"
166-->[com.google.android.gms:play-services-auth:21.1.1] AndroidManifest.xml:26:13-37
167            android:theme="@android:style/Theme.Translucent.NoTitleBar" />
167-->[com.google.android.gms:play-services-auth:21.1.1] AndroidManifest.xml:27:13-72
168        <!--
169            Service handling Google Sign-In user revocation. For apps that do not integrate with
170            Google Sign-In, this service will never be started.
171        -->
172        <service
172-->[com.google.android.gms:play-services-auth:21.1.1] AndroidManifest.xml:33:9-37:51
173            android:name="com.google.android.gms.auth.api.signin.RevocationBoundService"
173-->[com.google.android.gms:play-services-auth:21.1.1] AndroidManifest.xml:34:13-89
174            android:exported="true"
174-->[com.google.android.gms:play-services-auth:21.1.1] AndroidManifest.xml:35:13-36
175            android:permission="com.google.android.gms.auth.api.signin.permission.REVOCATION_NOTIFICATION"
175-->[com.google.android.gms:play-services-auth:21.1.1] AndroidManifest.xml:36:13-107
176            android:visibleToInstantApps="true" />
176-->[com.google.android.gms:play-services-auth:21.1.1] AndroidManifest.xml:37:13-48
177
178        <activity
178-->[com.google.android.gms:play-services-base:18.5.0] AndroidManifest.xml:5:9-173
179            android:name="com.google.android.gms.common.api.GoogleApiActivity"
179-->[com.google.android.gms:play-services-base:18.5.0] AndroidManifest.xml:5:19-85
180            android:exported="false"
180-->[com.google.android.gms:play-services-base:18.5.0] AndroidManifest.xml:5:146-170
181            android:theme="@android:style/Theme.Translucent.NoTitleBar" />
181-->[com.google.android.gms:play-services-base:18.5.0] AndroidManifest.xml:5:86-145
182
183        <provider
183-->[androidx.emoji2:emoji2:1.3.0] AndroidManifest.xml:24:9-32:20
184            android:name="androidx.startup.InitializationProvider"
184-->[androidx.emoji2:emoji2:1.3.0] AndroidManifest.xml:25:13-67
185            android:authorities="com.example.libraryapp.androidx-startup"
185-->[androidx.emoji2:emoji2:1.3.0] AndroidManifest.xml:26:13-68
186            android:exported="false" >
186-->[androidx.emoji2:emoji2:1.3.0] AndroidManifest.xml:27:13-37
187            <meta-data
187-->[androidx.emoji2:emoji2:1.3.0] AndroidManifest.xml:29:13-31:52
188                android:name="androidx.emoji2.text.EmojiCompatInitializer"
188-->[androidx.emoji2:emoji2:1.3.0] AndroidManifest.xml:30:17-75
189                android:value="androidx.startup" />
189-->[androidx.emoji2:emoji2:1.3.0] AndroidManifest.xml:31:17-49
190            <meta-data
190-->[androidx.lifecycle:lifecycle-process:2.6.2] AndroidManifest.xml:29:13-31:52
191                android:name="androidx.lifecycle.ProcessLifecycleInitializer"
191-->[androidx.lifecycle:lifecycle-process:2.6.2] AndroidManifest.xml:30:17-78
192                android:value="androidx.startup" />
192-->[androidx.lifecycle:lifecycle-process:2.6.2] AndroidManifest.xml:31:17-49
193            <meta-data
193-->[androidx.profileinstaller:profileinstaller:1.4.0] AndroidManifest.xml:29:13-31:52
194                android:name="androidx.profileinstaller.ProfileInstallerInitializer"
194-->[androidx.profileinstaller:profileinstaller:1.4.0] AndroidManifest.xml:30:17-85
195                android:value="androidx.startup" />
195-->[androidx.profileinstaller:profileinstaller:1.4.0] AndroidManifest.xml:31:17-49
196        </provider>
197
198        <meta-data
198-->[com.google.android.gms:play-services-basement:18.4.0] AndroidManifest.xml:6:9-122
199            android:name="com.google.android.gms.version"
199-->[com.google.android.gms:play-services-basement:18.4.0] AndroidManifest.xml:6:20-65
200            android:value="@integer/google_play_services_version" />
200-->[com.google.android.gms:play-services-basement:18.4.0] AndroidManifest.xml:6:66-119
201
202        <receiver
202-->[androidx.profileinstaller:profileinstaller:1.4.0] AndroidManifest.xml:34:9-52:20
203            android:name="androidx.profileinstaller.ProfileInstallReceiver"
203-->[androidx.profileinstaller:profileinstaller:1.4.0] AndroidManifest.xml:35:13-76
204            android:directBootAware="false"
204-->[androidx.profileinstaller:profileinstaller:1.4.0] AndroidManifest.xml:36:13-44
205            android:enabled="true"
205-->[androidx.profileinstaller:profileinstaller:1.4.0] AndroidManifest.xml:37:13-35
206            android:exported="true"
206-->[androidx.profileinstaller:profileinstaller:1.4.0] AndroidManifest.xml:38:13-36
207            android:permission="android.permission.DUMP" >
207-->[androidx.profileinstaller:profileinstaller:1.4.0] AndroidManifest.xml:39:13-57
208            <intent-filter>
208-->[androidx.profileinstaller:profileinstaller:1.4.0] AndroidManifest.xml:40:13-42:29
209                <action android:name="androidx.profileinstaller.action.INSTALL_PROFILE" />
209-->[androidx.profileinstaller:profileinstaller:1.4.0] AndroidManifest.xml:41:17-91
209-->[androidx.profileinstaller:profileinstaller:1.4.0] AndroidManifest.xml:41:25-88
210            </intent-filter>
211            <intent-filter>
211-->[androidx.profileinstaller:profileinstaller:1.4.0] AndroidManifest.xml:43:13-45:29
212                <action android:name="androidx.profileinstaller.action.SKIP_FILE" />
212-->[androidx.profileinstaller:profileinstaller:1.4.0] AndroidManifest.xml:44:17-85
212-->[androidx.profileinstaller:profileinstaller:1.4.0] AndroidManifest.xml:44:25-82
213            </intent-filter>
214            <intent-filter>
214-->[androidx.profileinstaller:profileinstaller:1.4.0] AndroidManifest.xml:46:13-48:29
215                <action android:name="androidx.profileinstaller.action.SAVE_PROFILE" />
215-->[androidx.profileinstaller:profileinstaller:1.4.0] AndroidManifest.xml:47:17-88
215-->[androidx.profileinstaller:profileinstaller:1.4.0] AndroidManifest.xml:47:25-85
216            </intent-filter>
217            <intent-filter>
217-->[androidx.profileinstaller:profileinstaller:1.4.0] AndroidManifest.xml:49:13-51:29
218                <action android:name="androidx.profileinstaller.action.BENCHMARK_OPERATION" />
218-->[androidx.profileinstaller:profileinstaller:1.4.0] AndroidManifest.xml:50:17-95
218-->[androidx.profileinstaller:profileinstaller:1.4.0] AndroidManifest.xml:50:25-92
219            </intent-filter>
220        </receiver>
221    </application>
222
223</manifest>